<?xml version="1.0" encoding="UTF-8"?>
<testng-results skipped="0" failed="1" ignored="0" total="2" passed="1">
  <reporter-output>
  </reporter-output>
  <suite name="Default suite" duration-ms="23459" started-at="2017-12-22T13:29:42Z" finished-at="2017-12-22T13:30:05Z">
    <groups>
    </groups>
    <test name="Default test" duration-ms="23459" started-at="2017-12-22T13:29:42Z" finished-at="2017-12-22T13:30:05Z">
      <class name="com.lwlsh.trex.controller.Dclass">
        <test-method status="PASS" signature="grid()[pri:0, instance:com.lwlsh.trex.controller.Dclass@17227365]" name="grid" duration-ms="8512" started-at="2017-12-22T21:29:42Z" finished-at="2017-12-22T21:29:50Z">
          <reporter-output>
          </reporter-output>
        </test-method> <!-- grid -->
        <test-method status="FAIL" signature="gridfirfox()[pri:0, instance:com.lwlsh.trex.controller.Dclass@17227365]" name="gridfirfox" duration-ms="14914" started-at="2017-12-22T21:29:50Z" finished-at="2017-12-22T21:30:05Z">
          <exception class="org.openqa.selenium.WebDriverException">
            <message>
              <![CDATA[Session [null] not available and is not among the last 1000 terminated sessions.
Active sessions are[ext. key ce16b345-d358-4458-b5f9-3325f11672d7, ext. key 0cb1e22071672640b3dfc8f6a167334f, ext. key cc5a1919-ea23-45ae-8e65-b92c9433d214]
Command duration or timeout: 13 milliseconds
Build info: version: '2.44.0', revision: '76d78cf323ce037c5f92db6c1bba601c2ac43ad8', time: '2014-10-23 13:11:40'
System info: host: 'UC-20170503UJVV', ip: '100.84.52.42', os.name: 'Windows 7', os.arch: 'amd64', os.version: '6.1', java.version: '1.7.0_17'
Session ID: null
Driver info: org.openqa.selenium.remote.RemoteWebDriver
Capabilities [{platform=ANY, sessionId=cc5a1919-ea23-45ae-8e65-b92c9433d214, capabilities={timeouts={pageLoad=300000, implicit=0, script=30000}, platformVersion=4.4.104-boot2docker, moz:headless=false, moz:webdriverClick=false, browserVersion=57.0.2, platformName=linux, browserName=firefox, moz:accessibilityChecks=false, moz:processID=186, rotatable=false, moz:profile=/tmp/rust_mozprofile.zY7O90kZqaDZ, acceptInsecureCerts=false, pageLoadStrategy=normal}}]]]>
            </message>
            <full-stacktrace>
              <![CDATA[org.openqa.selenium.WebDriverException: Session [null] not available and is not among the last 1000 terminated sessions.
Active sessions are[ext. key ce16b345-d358-4458-b5f9-3325f11672d7, ext. key 0cb1e22071672640b3dfc8f6a167334f, ext. key cc5a1919-ea23-45ae-8e65-b92c9433d214]
Command duration or timeout: 13 milliseconds
Build info: version: '2.44.0', revision: '76d78cf323ce037c5f92db6c1bba601c2ac43ad8', time: '2014-10-23 13:11:40'
System info: host: 'UC-20170503UJVV', ip: '100.84.52.42', os.name: 'Windows 7', os.arch: 'amd64', os.version: '6.1', java.version: '1.7.0_17'
Session ID: null
Driver info: org.openqa.selenium.remote.RemoteWebDriver
Capabilities [{platform=ANY, sessionId=cc5a1919-ea23-45ae-8e65-b92c9433d214, capabilities={timeouts={pageLoad=300000, implicit=0, script=30000}, platformVersion=4.4.104-boot2docker, moz:headless=false, moz:webdriverClick=false, browserVersion=57.0.2, platformName=linux, browserName=firefox, moz:accessibilityChecks=false, moz:processID=186, rotatable=false, moz:profile=/tmp/rust_mozprofile.zY7O90kZqaDZ, acceptInsecureCerts=false, pageLoadStrategy=normal}}]
	at sun.reflect.NativeConstructorAccessorImpl.newInstance0(Native Method)
	at sun.reflect.NativeConstructorAccessorImpl.newInstance(NativeConstructorAccessorImpl.java:57)
	at sun.reflect.DelegatingConstructorAccessorImpl.newInstance(DelegatingConstructorAccessorImpl.java:45)
	at java.lang.reflect.Constructor.newInstance(Constructor.java:525)
	at org.openqa.selenium.remote.ErrorHandler.createThrowable(ErrorHandler.java:204)
	at org.openqa.selenium.remote.ErrorHandler.throwIfResponseFailed(ErrorHandler.java:156)
	at org.openqa.selenium.remote.RemoteWebDriver.execute(RemoteWebDriver.java:599)
	at org.openqa.selenium.remote.RemoteWebDriver.get(RemoteWebDriver.java:304)
	at com.lwlsh.trex.controller.Dclass.gridfirfox(Dclass.java:38)
	at sun.reflect.NativeMethodAccessorImpl.invoke0(Native Method)
	at sun.reflect.NativeMethodAccessorImpl.invoke(NativeMethodAccessorImpl.java:57)
	at sun.reflect.DelegatingMethodAccessorImpl.invoke(DelegatingMethodAccessorImpl.java:43)
	at java.lang.reflect.Method.invoke(Method.java:601)
	at org.testng.internal.MethodInvocationHelper.invokeMethod(MethodInvocationHelper.java:104)
	at org.testng.internal.Invoker.invokeMethod(Invoker.java:645)
	at org.testng.internal.Invoker.invokeTestMethod(Invoker.java:851)
	at org.testng.internal.Invoker.invokeTestMethods(Invoker.java:1177)
	at org.testng.internal.TestMethodWorker.invokeTestMethods(TestMethodWorker.java:129)
	at org.testng.internal.TestMethodWorker.run(TestMethodWorker.java:112)
	at org.testng.TestRunner.privateRun(TestRunner.java:756)
	at org.testng.TestRunner.run(TestRunner.java:610)
	at org.testng.SuiteRunner.runTest(SuiteRunner.java:387)
	at org.testng.SuiteRunner.runSequentially(SuiteRunner.java:382)
	at org.testng.SuiteRunner.privateRun(SuiteRunner.java:340)
	at org.testng.SuiteRunner.run(SuiteRunner.java:289)
	at org.testng.SuiteRunnerWorker.runSuite(SuiteRunnerWorker.java:52)
	at org.testng.SuiteRunnerWorker.run(SuiteRunnerWorker.java:86)
	at org.testng.TestNG.runSuitesSequentially(TestNG.java:1293)
	at org.testng.TestNG.runSuitesLocally(TestNG.java:1218)
	at org.testng.TestNG.runSuites(TestNG.java:1133)
	at org.testng.TestNG.run(TestNG.java:1104)
	at org.testng.remote.AbstractRemoteTestNG.run(AbstractRemoteTestNG.java:132)
	at org.testng.remote.RemoteTestNG.initAndRun(RemoteTestNG.java:230)
	at org.testng.remote.RemoteTestNG.main(RemoteTestNG.java:76)
Caused by: org.openqa.selenium.WebDriverException: Session [null] not available and is not among the last 1000 terminated sessions.
Active sessions are[ext. key ce16b345-d358-4458-b5f9-3325f11672d7, ext. key 0cb1e22071672640b3dfc8f6a167334f, ext. key cc5a1919-ea23-45ae-8e65-b92c9433d214]
Build info: version: '2.44.0', revision: '76d78cf323ce037c5f92db6c1bba601c2ac43ad8', time: '2014-10-23 13:11:40'
System info: host: 'UC-20170503UJVV', ip: '100.84.52.42', os.name: 'Windows 7', os.arch: 'amd64', os.version: '6.1', java.version: '1.7.0_17'
Driver info: driver.version: unknown
	at org.openqa.grid.internal.ActiveTestSessions.getExistingSession(ActiveTestSessions.java:121)
	at org.openqa.grid.internal.DefaultGridRegistry.getExistingSession(DefaultGridRegistry.java:389)
	at org.openqa.grid.web.servlet.handler.RequestHandler.getSession(RequestHandler.java:237)
	at org.openqa.grid.web.servlet.handler.RequestHandler.process(RequestHandler.java:122)
	at org.openqa.grid.web.servlet.DriverServlet.process(DriverServlet.java:84)
	at org.openqa.grid.web.servlet.DriverServlet.doPost(DriverServlet.java:68)
	at javax.servlet.http.HttpServlet.service(HttpServlet.java:707)
	at javax.servlet.http.HttpServlet.service(HttpServlet.java:790)
	at org.seleniumhq.jetty9.servlet.ServletHolder.handle(ServletHolder.java:841)
	at org.seleniumhq.jetty9.servlet.ServletHandler.doHandle(ServletHandler.java:535)
	at org.seleniumhq.jetty9.server.handler.ScopedHandler.nextHandle(ScopedHandler.java:188)
	at org.seleniumhq.jetty9.server.session.SessionHandler.doHandle(SessionHandler.java:1595)
	at org.seleniumhq.jetty9.server.handler.ScopedHandler.nextHandle(ScopedHandler.java:188)
	at org.seleniumhq.jetty9.server.handler.ContextHandler.doHandle(ContextHandler.java:1253)
	at org.seleniumhq.jetty9.server.handler.ScopedHandler.nextScope(ScopedHandler.java:168)
	at org.seleniumhq.jetty9.servlet.ServletHandler.doScope(ServletHandler.java:473)
	at org.seleniumhq.jetty9.server.session.SessionHandler.doScope(SessionHandler.java:1564)
	at org.seleniumhq.jetty9.server.handler.ScopedHandler.nextScope(ScopedHandler.java:166)
	at org.seleniumhq.jetty9.server.handler.ContextHandler.doScope(ContextHandler.java:1155)
	at org.seleniumhq.jetty9.server.handler.ScopedHandler.handle(ScopedHandler.java:141)
	at org.seleniumhq.jetty9.server.handler.HandlerWrapper.handle(HandlerWrapper.java:132)
	at org.seleniumhq.jetty9.server.Server.handle(Server.java:561)
	at org.seleniumhq.jetty9.server.HttpChannel.handle(HttpChannel.java:334)
	at org.seleniumhq.jetty9.server.HttpConnection.onFillable(HttpConnection.java:251)
	at org.seleniumhq.jetty9.io.AbstractConnection$ReadCallback.succeeded(AbstractConnection.java:279)
	at org.seleniumhq.jetty9.io.FillInterest.fillable(FillInterest.java:104)
	at org.seleniumhq.jetty9.io.ChannelEndPoint$2.run(ChannelEndPoint.java:124)
	at org.seleniumhq.jetty9.util.thread.strategy.EatWhatYouKill.doProduce(EatWhatYouKill.java:247)
	at org.seleniumhq.jetty9.util.thread.strategy.EatWhatYouKill.produce(EatWhatYouKill.java:140)
	at org.seleniumhq.jetty9.util.thread.strategy.EatWhatYouKill.run(EatWhatYouKill.java:131)
	at org.seleniumhq.jetty9.util.thread.ReservedThreadExecutor$ReservedThread.run(ReservedThreadExecutor.java:243)
	at org.seleniumhq.jetty9.util.thread.QueuedThreadPool.runJob(QueuedThreadPool.java:679)
	at org.seleniumhq.jetty9.util.thread.QueuedThreadPool$2.run(QueuedThreadPool.java:597)
	at java.lang.Thread.run(Thread.java:748)
]]>
            </full-stacktrace>
          </exception> <!-- org.openqa.selenium.WebDriverException -->
          <reporter-output>
          </reporter-output>
        </test-method> <!-- gridfirfox -->
      </class> <!-- com.lwlsh.trex.controller.Dclass -->
    </test> <!-- Default test -->
  </suite> <!-- Default suite -->
</testng-results>
